W0430 15:47:46.813000 4817 torch/distributed/run.py:851] 
W0430 15:47:46.813000 4817 torch/distributed/run.py:851] *****************************************
W0430 15:47:46.813000 4817 torch/distributed/run.py:851] Setting OMP_NUM_THREADS environment variable for each process to be 1 in default, to avoid your system being overloaded, please further tune the variable for optimal performance in your application as needed. 
W0430 15:47:46.813000 4817 torch/distributed/run.py:851] *****************************************
Hyperparameters:
  adam_eps: 1e-08
  adam_wd: 0.02
  artifact_dir: /workspace/DL-Team-Proposal/parameter-golf/ashray/parameter-golf/records/v1_baseline_seed42_2gpu
  attn_clip_sigmas: 13.0
  attn_out_gate_enabled: False
  attn_out_gate_src: proj
  beta1: 0.9
  beta2: 0.95
  caseops_enabled: False
  compressor: brotli
  data_dir: ./data
  datasets_dir: ./data/datasets/fineweb10B_sp8192
  distributed: True
  ema_decay: 0.9965
  embed_bits: 7
  embed_clip_sigmas: 15.0
  embed_lr: 0.6
  embed_wd: 0.085
  enable_looping_at: 0.35
  eval_seq_len: 2048
  eval_stride: 64
  gate_window: 12
  gated_attn_enabled: True
  gated_attn_init_std: 0.005
  gated_attn_quant_gate: True
  global_ttt_batch_seqs: 32
  global_ttt_chunk_tokens: 32768
  global_ttt_epochs: 1
  global_ttt_grad_clip: 1.0
  global_ttt_lr: 0.001
  global_ttt_momentum: 0.9
  global_ttt_respect_doc_boundaries: True
  global_ttt_warmup_chunks: 0
  global_ttt_warmup_start_lr: 0.0
  gptq_calibration_batches: 16
  gptq_reserve_seconds: 4.0
  grad_accum_steps: 4
  grad_clip_norm: 0.3
  is_main_process: True
  iterations: 20000
  ln_scale: True
  local_rank: 0
  logfile: /workspace/DL-Team-Proposal/parameter-golf/ashray/parameter-golf/records/v1_baseline_seed42_2gpu/v1_baseline_seed42_2gpu.txt
  logit_softcap: 30.0
  loop_end: 5
  loop_start: 4
  matrix_bits: 6
  matrix_clip_sigmas: 12.85
  matrix_lr: 0.026
  max_wallclock_seconds: 600.0
  min_lr: 0.1
  mlp_clip_sigmas: 12.0
  mlp_mult: 4.0
  model_dim: 512
  model_path: /workspace/DL-Team-Proposal/parameter-golf/ashray/parameter-golf/records/v1_baseline_seed42_2gpu/final_model.pt
  muon_backend_steps: 5
  muon_momentum: 0.97
  muon_momentum_warmup_start: 0.92
  muon_momentum_warmup_steps: 1500
  muon_row_normalize: True
  muon_wd: 0.095
  num_heads: 8
  num_kv_heads: 4
  num_layers: 11
  num_loops: 2
  parallel_final_lane: mean
  parallel_start_layer: 8
  phased_ttt_num_phases: 3
  phased_ttt_prefix_docs: 2000
  qk_gain_init: 5.0
  quantized_model_path: /workspace/DL-Team-Proposal/parameter-golf/ashray/parameter-golf/records/v1_baseline_seed42_2gpu/final_model.int6.ptz
  rank: 0
  rope_base: 10000.0
  rope_dims: 16
  rope_train_seq_len: 2048
  rope_yarn: False
  run_id: v1_baseline_seed42_2gpu
  scalar_lr: 0.02
  seed: 42
  skip_gates_enabled: True
  smear_gate_enabled: False
  tie_embeddings: True
  tied_embed_init_std: 0.005
  tied_embed_lr: 0.03
  tokenizer_path: ./data/tokenizers/fineweb_8192_bpe.model
  train_batch_tokens: 786432
  train_files: ./data/datasets/fineweb10B_sp8192/fineweb_train_*.bin
  train_log_every: 200
  train_seq_len: 2048
  ttt_batch_size: 64
  ttt_beta1: 0.0
  ttt_beta2: 0.999
  ttt_chunk_size: 48
  ttt_enabled: True
  ttt_eval_batches: 
  ttt_eval_seq_len: 2048
  ttt_grad_steps: 1
  ttt_k_lora: True
  ttt_lora_lr: 0.0001
  ttt_lora_rank: 96
  ttt_mlp_lora: True
  ttt_o_lora: True
  ttt_optimizer: adam
  ttt_weight_decay: 0.5
  val_batch_tokens: 524288
  val_bytes_files: ./data/datasets/fineweb10B_sp8192/fineweb_val_bytes_*.bin
  val_doc_fraction: 1.0
  val_files: ./data/datasets/fineweb10B_sp8192/fineweb_val_*.bin
  val_loss_every: 0
  vocab_size: 8192
  warmdown_frac: 0.75
  warmup_steps: 20
  world_size: 2
  xsa_last_n: 11
train_shards: 80
val_tokens: 40540160
model_params:35988634
gptq:reserving 4s, effective=596000ms
warmup_cu_buckets:64,128,192,256 iters_each:3
warmup_step: 1/20
warmup_step: 2/20
warmup_step: 3/20
warmup_step: 4/20
warmup_step: 5/20
warmup_step: 6/20
warmup_step: 10/20
warmup_step: 20/20
loop_warmup:enabled encoder:[0, 1, 2, 3, 4, 5, 4] decoder:[5, 4, 5, 6, 7, 8, 9, 10]
loop_warmup_step: 1/20
loop_warmup_step: 2/20
loop_warmup_step: 3/20
loop_warmup_step: 4/20
loop_warmup_step: 5/20
loop_warmup_step: 6/20
loop_warmup_step: 10/20
loop_warmup_step: 20/20
1/20000 train_loss: 9.0055 train_time: 0.0m tok/s: 2396082
2/20000 train_loss: 12.4692 train_time: 0.0m tok/s: 1375337
3/20000 train_loss: 11.2074 train_time: 0.0m tok/s: 1565800
4/20000 train_loss: 9.6507 train_time: 0.0m tok/s: 1681470
5/20000 train_loss: 8.4529 train_time: 0.0m tok/s: 1760013
200/20000 train_loss: 3.5686 train_time: 1.2m tok/s: 2157449
400/20000 train_loss: 3.3569 train_time: 2.4m tok/s: 2162768
layer_loop:enabled step:575 frac:0.350 encoder:[0, 1, 2, 3, 4, 5, 4] decoder:[5, 4, 5, 6, 7, 8, 9, 10]
600/20000 train_loss: 3.1348 train_time: 3.7m tok/s: 2137054
800/20000 train_loss: 3.1852 train_time: 5.3m tok/s: 1984839
1000/20000 train_loss: 3.0793 train_time: 6.9m tok/s: 1904029
1200/20000 train_loss: 2.9963 train_time: 8.5m tok/s: 1853567
1379/20000 val_loss: 2.9350 val_bpb: 1.1362
stopping_early: wallclock_cap train_time: 596377ms step: 1379/20000
peak memory allocated: 35942 MiB reserved: 40070 MiB
ema:applying EMA weights
diagnostic pre-quantization post-ema val_loss:2.95943135 val_bpb:1.14564632 eval_time:13725ms
Serialized model: 135588795 bytes
Code size (uncompressed): 131887 bytes
Code size (compressed): 28020 bytes
GPTQ:collecting Hessians from calibration data...
GPTQ:collected 67 Hessians in 4.3s
Quantized weights:
  gate_int8_row: blocks.attn.attn_gate_w
  gptq (int6): blocks.attn.c_k.weight, blocks.attn.c_q.weight, blocks.attn.c_v.weight, blocks.attn.proj.weight, blocks.mlp.fc.weight, blocks.mlp.proj.weight
  gptq (int7): tok_emb.weight
  passthrough (float16): blocks.attn.q_gain, blocks.attn_scale, blocks.mlp_scale, blocks.resid_mix, parallel_post_lambdas, parallel_resid_lambdas, skip_gates, skip_weights
Serialized model quantized+brotli: 15963912 bytes
Total submission size quantized+brotli: 15991932 bytes
diagnostic quantized val_loss:2.97564723 val_bpb:1.15192376 eval_time:74535ms
ttt_lora:warming up compile (random tokens, no val data)
ttt_lora:compile warmup done (129.5s)

beginning TTT eval timer
ttt_phased: total_docs:50000 prefix_docs:2000 suffix_docs:48000 num_phases:3 boundaries:[666, 1333, 2000]
ttp: b782/782 bl:2.7093 bb:1.0938 rl:2.7093 rb:1.0938 dl:26524-79464 gd:0
ttp: b780/782 bl:2.7703 bb:1.1366 rl:2.7423 rb:1.1168 dl:11071-14414 gd:0
ttp: b774/782 bl:2.8948 bb:1.1432 rl:2.7725 rb:1.1222 dl:5552-5852 gd:0
ttp: b773/782 bl:2.8161 bb:1.1427 rl:2.7793 rb:1.1254 dl:5203-5550 gd:0
ttp: b770/782 bl:2.8234 bb:1.1173 rl:2.7845 rb:1.1244 dl:4479-4698 gd:0
ttpp: phase:1/3 pd:784 gd:666 t:331.5s
tttg: c1/135 lr:0.001000 t:1.0s
tttg: c2/135 lr:0.001000 t:1.1s
tttg: c3/135 lr:0.000999 t:1.2s
tttg: c4/135 lr:0.000999 t:1.3s
tttg: c5/135 lr:0.000998 t:1.4s
tttg: c6/135 lr:0.000997 t:1.4s
tttg: c7/135 lr:0.000995 t:1.5s
tttg: c8/135 lr:0.000993 t:1.6s
tttg: c9/135 lr:0.000991 t:1.7s
tttg: c10/135 lr:0.000989 t:1.8s
tttg: c11/135 lr:0.000986 t:1.9s
tttg: c12/135 lr:0.000983 t:2.0s
tttg: c13/135 lr:0.000980 t:2.1s
tttg: c14/135 lr:0.000977 t:2.2s
tttg: c15/135 lr:0.000973 t:2.3s
tttg: c16/135 lr:0.000969 t:2.4s
tttg: c17/135 lr:0.000965 t:2.5s
tttg: c18/135 lr:0.000961 t:2.6s
tttg: c19/135 lr:0.000956 t:2.7s
tttg: c20/135 lr:0.000951 t:2.8s
tttg: c21/135 lr:0.000946 t:2.9s
tttg: c22/135 lr:0.000941 t:3.0s
tttg: c23/135 lr:0.000935 t:3.1s
tttg: c24/135 lr:0.000929 t:3.2s
tttg: c25/135 lr:0.000923 t:3.3s
tttg: c26/135 lr:0.000917 t:3.4s
tttg: c27/135 lr:0.000910 t:3.5s
tttg: c28/135 lr:0.000903 t:3.6s
tttg: c29/135 lr:0.000896 t:3.7s
tttg: c30/135 lr:0.000889 t:3.8s
tttg: c31/135 lr:0.000881 t:3.9s
tttg: c32/135 lr:0.000874 t:4.0s
tttg: c33/135 lr:0.000866 t:4.1s
tttg: c34/135 lr:0.000858 t:4.2s
tttg: c35/135 lr:0.000849 t:4.3s
tttg: c36/135 lr:0.000841 t:4.4s
tttg: c37/135 lr:0.000832 t:4.5s
tttg: c38/135 lr:0.000823 t:4.6s
tttg: c39/135 lr:0.000814 t:4.7s
tttg: c40/135 lr:0.000805 t:4.8s
tttg: c41/135 lr:0.000796 t:4.9s
tttg: c42/135 lr:0.000786 t:5.0s
tttg: c43/135 lr:0.000777 t:5.1s
tttg: c44/135 lr:0.000767 t:5.2s
tttg: c45/135 lr:0.000757 t:5.3s
tttg: c46/135 lr:0.000747 t:5.4s
tttg: c47/135 lr:0.000736 t:5.5s
tttg: c48/135 lr:0.000726 t:5.6s
tttg: c49/135 lr:0.000715 t:5.7s
tttg: c50/135 lr:0.000705 t:5.8s
tttg: c51/135 lr:0.000694 t:5.9s
tttg: c52/135 lr:0.000683 t:6.0s
tttg: c53/135 lr:0.000672 t:6.1s
tttg: c54/135 lr:0.000661 t:6.2s
tttg: c55/135 lr:0.000650 t:6.3s
tttg: c56/135 lr:0.000639 t:6.4s
tttg: c57/135 lr:0.000628 t:6.5s
tttg: c58/135 lr:0.000616 t:6.6s
tttg: c59/135 lr:0.000605 t:6.7s
tttg: c60/135 lr:0.000593 t:6.8s
tttg: c61/135 lr:0.000582 t:6.9s
tttg: c62/135 lr:0.000570 t:7.0s
tttg: c63/135 lr:0.000558 t:7.0s
tttg: c64/135 lr:0.000547 t:7.1s
tttg: c65/135 lr:0.000535 t:7.2s
tttg: c66/135 lr:0.000523 t:7.3s
tttg: c67/135 lr:0.000512 t:7.4s
tttg: c68/135 lr:0.000500 t:7.5s
tttg: c69/135 lr:0.000488 t:7.6s
tttg: c70/135 lr:0.000477 t:7.7s
tttg: c71/135 lr:0.000465 t:7.8s
tttg: c72/135 lr:0.000453 t:7.9s
tttg: c73/135 lr:0.000442 t:8.0s
tttg: c74/135 lr:0.000430 t:8.1s
tttg: c75/135 lr:0.000418 t:8.2s
tttg: c76/135 lr:0.000407 t:8.3s
tttg: c77/135 lr:0.000395 t:8.4s
tttg: c78/135 lr:0.000384 t:8.5s
tttg: c79/135 lr:0.000372 t:8.6s
tttg: c80/135 lr:0.000361 t:8.7s
tttg: c81/135 lr:0.000350 t:8.8s
tttg: c82/135 lr:0.000339 t:8.9s
tttg: c83/135 lr:0.000328 t:9.0s
tttg: c84/135 lr:0.000317 t:9.1s
tttg: c85/135 lr:0.000306 t:9.2s
tttg: c86/135 lr:0.000295 t:9.3s
tttg: c87/135 lr:0.000285 t:9.4s
tttg: c88/135 lr:0.000274 t:9.5s
tttg: c89/135 lr:0.000264 t:9.6s
tttg: c90/135 lr:0.000253 t:9.7s
tttg: c91/135 lr:0.000243 t:9.8s
tttg: c92/135 lr:0.000233 t:9.9s
tttg: c93/135 lr:0.000223 t:10.0s
tttg: c94/135 lr:0.000214 t:10.1s
tttg: c95/135 lr:0.000204 t:10.2s
tttg: c96/135 lr:0.000195 t:10.3s
tttg: c97/135 lr:0.000186 t:10.4s
tttg: c98/135 lr:0.000177 t:10.5s
tttg: c99/135 lr:0.000168 t:10.6s
tttg: c100/135 lr:0.000159 t:10.7s
tttg: c101/135 lr:0.000151 t:10.8s
tttg: c102/135 lr:0.000142 t:10.9s
tttg: c103/135 lr:0.000134 t:11.0s
tttg: c104/135 lr:0.000126 t:11.1s
tttg: c105/135 lr:0.000119 t:11.2s
tttg: c106/135 lr:0.000111 t:11.3s
tttg: c107/135 lr:0.000104 t:11.4s
tttg: c108/135 lr:0.000097 t:11.5s
tttg: c109/135 lr:0.000090 t:11.6s
tttg: c110/135 lr:0.000083 t:11.7s
tttg: c111/135 lr:0.000077 t:11.8s
tttg: c112/135 lr:0.000071 t:11.9s
tttg: c113/135 lr:0.000065 t:12.0s
tttg: c114/135 lr:0.000059 t:12.1s
tttg: c115/135 lr:0.000054 t:12.2s
tttg: c116/135 lr:0.000049 t:12.3s
tttg: c117/135 lr:0.000044 t:12.4s
tttg: c118/135 lr:0.000039 t:12.5s
tttg: c119/135 lr:0.000035 t:12.6s
tttg: c120/135 lr:0.000031 t:12.7s
tttg: c121/135 lr:0.000027 t:12.8s
tttg: c122/135 lr:0.000023 t:12.9s
tttg: c123/135 lr:0.000020 t:13.0s
tttg: c124/135 lr:0.000017 t:13.1s
tttg: c125/135 lr:0.000014 t:13.2s
tttg: c126/135 lr:0.000011 t:13.3s
tttg: c127/135 lr:0.000009 t:13.4s
tttg: c128/135 lr:0.000007 t:13.5s
tttg: c129/135 lr:0.000005 t:13.6s
tttg: c130/135 lr:0.000003 t:13.7s
tttg: c131/135 lr:0.000002 t:13.8s
tttg: c132/135 lr:0.000001 t:13.9s
tttg: c133/135 lr:0.000001 t:14.0s
tttg: c134/135 lr:0.000000 t:14.1s
ttpr: phase:1/3 t:347.6s
ttp: b768/782 bl:2.8677 bb:1.1508 rl:2.7926 rb:1.1270 dl:4128-4306 gd:0
ttp: b767/782 bl:2.9111 bb:1.1623 rl:2.8028 rb:1.1301 dl:3963-4123 gd:0
ttp: b765/782 bl:2.9420 bb:1.1554 rl:2.8132 rb:1.1320 dl:3743-3845 gd:0
ttp: b762/782 bl:2.9828 bb:1.1353 rl:2.8241 rb:1.1322 dl:3431-3533 gd:0
ttp: b761/782 bl:2.9135 bb:1.1270 rl:2.8293 rb:1.1319 dl:3336-3430 gd:0
ttpp: phase:2/3 pd:1424 gd:1333 t:475.0s
tttg: c1/219 lr:0.001000 t:0.1s
tttg: c2/219 lr:0.001000 t:0.1s
tttg: c3/219 lr:0.001000 t:0.2s
tttg: c4/219 lr:0.001000 t:0.3s
tttg: c5/219 lr:0.000999 t:0.4s
tttg: c6/219 lr:0.000999 t:0.5s
tttg: c7/219 lr:0.000998 t:0.6s
tttg: c8/219 lr:0.000997 t:0.7s
tttg: c9/219 lr:0.000997 t:0.8s
tttg: c10/219 lr:0.000996 t:0.9s
tttg: c11/219 lr:0.000995 t:1.0s
tttg: c12/219 lr:0.000994 t:1.1s
tttg: c13/219 lr:0.000993 t:1.2s
tttg: c14/219 lr:0.000991 t:1.3s
tttg: c15/219 lr:0.000990 t:1.4s
tttg: c16/219 lr:0.000988 t:1.5s
tttg: c17/219 lr:0.000987 t:1.6s
tttg: c18/219 lr:0.000985 t:1.7s
tttg: c19/219 lr:0.000983 t:1.8s
tttg: c20/219 lr:0.000981 t:1.9s
tttg: c21/219 lr:0.000979 t:2.0s
tttg: c22/219 lr:0.000977 t:2.1s
tttg: c23/219 lr:0.000975 t:2.2s
tttg: c24/219 lr:0.000973 t:2.3s
tttg: c25/219 lr:0.000970 t:2.4s
tttg: c26/219 lr:0.000968 t:2.5s
tttg: c27/219 lr:0.000965 t:2.6s
tttg: c28/219 lr:0.000963 t:2.7s
tttg: c29/219 lr:0.000960 t:2.8s
tttg: c30/219 lr:0.000957 t:2.9s
tttg: c31/219 lr:0.000954 t:3.0s
tttg: c32/219 lr:0.000951 t:3.1s
tttg: c33/219 lr:0.000948 t:3.2s
tttg: c34/219 lr:0.000945 t:3.3s
tttg: c35/219 lr:0.000941 t:3.4s
tttg: c36/219 lr:0.000938 t:3.5s
tttg: c37/219 lr:0.000934 t:3.6s
tttg: c38/219 lr:0.000931 t:3.7s
tttg: c39/219 lr:0.000927 t:3.8s
tttg: c40/219 lr:0.000923 t:3.8s
tttg: c41/219 lr:0.000919 t:3.9s
tttg: c42/219 lr:0.000915 t:4.0s
tttg: c43/219 lr:0.000911 t:4.1s
tttg: c44/219 lr:0.000907 t:4.2s
tttg: c45/219 lr:0.000903 t:4.3s
tttg: c46/219 lr:0.000898 t:4.4s
tttg: c47/219 lr:0.000894 t:4.5s
tttg: c48/219 lr:0.000890 t:4.6s
tttg: c49/219 lr:0.000885 t:4.7s
tttg: c50/219 lr:0.000880 t:4.8s
tttg: c51/219 lr:0.000876 t:4.9s
tttg: c52/219 lr:0.000871 t:5.0s
tttg: c53/219 lr:0.000866 t:5.1s
tttg: c54/219 lr:0.000861 t:5.2s
tttg: c55/219 lr:0.000856 t:5.3s
tttg: c56/219 lr:0.000851 t:5.4s
tttg: c57/219 lr:0.000846 t:5.5s
tttg: c58/219 lr:0.000841 t:5.6s
tttg: c59/219 lr:0.000835 t:5.7s
tttg: c60/219 lr:0.000830 t:5.8s
tttg: c61/219 lr:0.000824 t:5.9s
tttg: c62/219 lr:0.000819 t:6.0s
tttg: c63/219 lr:0.000813 t:6.1s
tttg: c64/219 lr:0.000808 t:6.2s
tttg: c65/219 lr:0.000802 t:6.3s
tttg: c66/219 lr:0.000796 t:6.4s
tttg: c67/219 lr:0.000790 t:6.5s
tttg: c68/219 lr:0.000784 t:6.6s
tttg: c69/219 lr:0.000779 t:6.7s
tttg: c70/219 lr:0.000773 t:6.8s
tttg: c71/219 lr:0.000766 t:6.9s
tttg: c72/219 lr:0.000760 t:7.0s
tttg: c73/219 lr:0.000754 t:7.1s
tttg: c74/219 lr:0.000748 t:7.2s
tttg: c75/219 lr:0.000742 t:7.3s
tttg: c76/219 lr:0.000735 t:7.4s
tttg: c77/219 lr:0.000729 t:7.5s
tttg: c78/219 lr:0.000722 t:7.6s
tttg: c79/219 lr:0.000716 t:7.7s
tttg: c80/219 lr:0.000709 t:7.8s
tttg: c81/219 lr:0.000703 t:7.9s
tttg: c82/219 lr:0.000696 t:8.0s
tttg: c83/219 lr:0.000690 t:8.1s
tttg: c84/219 lr:0.000683 t:8.2s
tttg: c85/219 lr:0.000676 t:8.3s
tttg: c86/219 lr:0.000670 t:8.4s
tttg: c87/219 lr:0.000663 t:8.5s
tttg: c88/219 lr:0.000656 t:8.6s
tttg: c89/219 lr:0.000649 t:8.6s
tttg: c90/219 lr:0.000642 t:8.7s
tttg: c91/219 lr:0.000635 t:8.8s
tttg: c92/219 lr:0.000628 t:8.9s
tttg: c93/219 lr:0.000621 t:9.0s
tttg: c94/219 lr:0.000614 t:9.1s
tttg: c95/219 lr:0.000607 t:9.2s
tttg: c96/219 lr:0.000600 t:9.3s
tttg: c97/219 lr:0.000593 t:9.4s
tttg: c98/219 lr:0.000586 t:9.5s
tttg: c99/219 lr:0.000579 t:9.6s
tttg: c100/219 lr:0.000572 t:9.7s
tttg: c101/219 lr:0.000565 t:9.8s
tttg: c102/219 lr:0.000558 t:9.9s
tttg: c103/219 lr:0.000550 t:10.0s
tttg: c104/219 lr:0.000543 t:10.1s
tttg: c105/219 lr:0.000536 t:10.2s
tttg: c106/219 lr:0.000529 t:10.3s
tttg: c107/219 lr:0.000522 t:10.4s
tttg: c108/219 lr:0.000514 t:10.5s
tttg: c109/219 lr:0.000507 t:10.6s
tttg: c110/219 lr:0.000500 t:10.7s
tttg: c111/219 lr:0.000493 t:10.8s
tttg: c112/219 lr:0.000486 t:10.9s
tttg: c113/219 lr:0.000478 t:11.0s
tttg: c114/219 lr:0.000471 t:11.1s
tttg: c115/219 lr:0.000464 t:11.2s
tttg: c116/219 lr:0.000457 t:11.3s
tttg: c117/219 lr:0.000450 t:11.4s
tttg: c118/219 lr:0.000442 t:11.4s
tttg: c119/219 lr:0.000435 t:11.5s
tttg: c120/219 lr:0.000428 t:11.6s
tttg: c121/219 lr:0.000421 t:11.8s
tttg: c122/219 lr:0.000414 t:11.8s
tttg: c123/219 lr:0.000407 t:11.9s
tttg: c124/219 lr:0.000400 t:12.0s
tttg: c125/219 lr:0.000393 t:12.1s
tttg: c126/219 lr:0.000386 t:12.2s
tttg: c127/219 lr:0.000379 t:12.3s
tttg: c128/219 lr:0.000372 t:12.4s
tttg: c129/219 lr:0.000365 t:12.5s
tttg: c130/219 lr:0.000358 t:12.6s
tttg: c131/219 lr:0.000351 t:12.7s
tttg: c132/219 lr:0.000344 t:12.8s
tttg: c133/219 lr:0.000337 t:12.9s
tttg: c134/219 lr:0.000330 t:13.0s
tttg: c135/219 lr:0.000324 t:13.1s
tttg: c136/219 lr:0.000317 t:13.2s
tttg: c137/219 lr:0.000310 t:13.3s
tttg: c138/219 lr:0.000304 t:13.4s
tttg: c139/219 lr:0.000297 t:13.5s
tttg: c140/219 lr:0.000291 t:13.6s
tttg: c141/219 lr:0.000284 t:13.7s
tttg: c142/219 lr:0.000278 t:13.8s
tttg: c143/219 lr:0.000271 t:13.9s
tttg: c144/219 lr:0.000265 t:14.0s
tttg: c145/219 lr:0.000258 t:14.1s
tttg: c146/219 lr:0.000252 t:14.2s
tttg: c147/219 lr:0.000246 t:14.3s
tttg: c148/219 lr:0.000240 t:14.4s
tttg: c149/219 lr:0.000234 t:14.5s
tttg: c150/219 lr:0.000227 t:14.6s
tttg: c151/219 lr:0.000221 t:14.7s
tttg: c152/219 lr:0.000216 t:14.8s
tttg: c153/219 lr:0.000210 t:14.9s
tttg: c154/219 lr:0.000204 t:15.0s
tttg: c155/219 lr:0.000198 t:15.1s
tttg: c156/219 lr:0.000192 t:15.2s
tttg: c157/219 lr:0.000187 t:15.3s
tttg: c158/219 lr:0.000181 t:15.4s
tttg: c159/219 lr:0.000176 t:15.4s
tttg: c160/219 lr:0.000170 t:15.5s
tttg: c161/219 lr:0.000165 t:15.6s
tttg: c162/219 lr:0.000159 t:15.7s
tttg: c163/219 lr:0.000154 t:15.8s
tttg: c164/219 lr:0.000149 t:15.9s
tttg: c165/219 lr:0.000144 t:16.0s
tttg: c166/219 lr:0.000139 t:16.1s
tttg: c167/219 lr:0.000134 t:16.2s
tttg: c168/219 lr:0.000129 t:16.3s
tttg: c169/219 lr:0.000124 t:16.4s
tttg: c170/219 lr:0.000120 t:16.5s
tttg: c171/219 lr:0.000115 t:16.6s
tttg: c172/219 lr:0.000110 t:16.7s
tttg: c173/219 lr:0.000106 t:16.8s
tttg: c174/219 lr:0.000102 t:16.9s
tttg: c175/219 lr:0.000097 t:17.0s
tttg: c176/219 lr:0.000093 t:17.1s
tttg: c177/219 lr:0.000089 t:17.2s
tttg: c178/219 lr:0.000085 t:17.3s
tttg: c179/219 lr:0.000081 t:17.4s
tttg: c180/219 lr:0.000077 t:17.5s
tttg: c181/219 lr:0.000073 t:17.6s
tttg: c182/219 lr:0.000069 t:17.7s
tttg: c183/219 lr:0.000066 t:17.8s
tttg: c184/219 lr:0.000062 t:17.9s
tttg: c185/219 lr:0.000059 t:18.0s
tttg: c186/219 lr:0.000055 t:18.1s
tttg: c187/219 lr:0.000052 t:18.2s
tttg: c188/219 lr:0.000049 t:18.3s
tttg: c189/219 lr:0.000046 t:18.4s
tttg: c190/219 lr:0.000043 t:18.5s
tttg: c191/219 lr:0.000040 t:18.6s
tttg: c192/219 lr:0.000037 t:18.7s
tttg: c193/219 lr:0.000035 t:18.8s
tttg: c194/219 lr:0.000032 t:18.9s
tttg: c195/219 lr:0.000030 t:19.0s
tttg: c196/219 lr:0.000027 t:19.1s
tttg: c197/219 lr:0.000025 t:19.2s
tttg: c198/219 lr:0.000023 t:19.3s
tttg: c199/219 lr:0.000021 t:19.4s
tttg: c200/219 lr:0.000019 t:19.5s
tttg: c201/219 lr:0.000017 t:19.6s
tttg: c202/219 lr:0.000015 t:19.7s
tttg: c203/219 lr:0.000013 t:19.8s
tttg: c204/219 lr:0.000012 t:19.9s
tttg: c205/219 lr:0.000010 t:20.0s
tttg: c206/219 lr:0.000009 t:20.1s
tttg: c207/219 lr:0.000007 t:20.2s
tttg: c208/219 lr:0.000006 t:20.3s
tttg: c209/219 lr:0.000005 t:20.4s
tttg: c210/219 lr:0.000004 t:20.5s
tttg: c211/219 lr:0.000003 t:20.6s
tttg: c212/219 lr:0.000003 t:20.7s
tttg: c213/219 lr:0.000002 t:20.8s
tttg: c214/219 lr:0.000001 t:20.9s
tttg: c215/219 lr:0.000001 t:21.0s
tttg: c216/219 lr:0.000000 t:21.1s
tttg: c217/219 lr:0.000000 t:21.2s
tttg: c218/219 lr:0.000000 t:21.3s
ttpr: phase:2/3 t:498.1s
ttp: b758/782 bl:3.0338 bb:1.1447 rl:2.8399 rb:1.1326 dl:3108-3187 gd:0
ttp: b757/782 bl:2.8010 bb:1.0825 rl:2.8381 rb:1.1301 dl:3033-3108 gd:0
ttp: b754/782 bl:2.8436 bb:1.1158 rl:2.8383 rb:1.1295 dl:2839-2899 gd:0
ttp: b753/782 bl:2.9072 bb:1.1088 rl:2.8411 rb:1.1286 dl:2795-2838 gd:0
ttp: b750/782 bl:2.9858 bb:1.1265 rl:2.8464 rb:1.1285 dl:2638-2688 gd:0
ttpp: phase:3/3 pd:2064 gd:2000 t:536.2s
tttg: c1/289 lr:0.001000 t:0.1s
tttg: c2/289 lr:0.001000 t:0.1s
tttg: c3/289 lr:0.001000 t:0.2s
tttg: c4/289 lr:0.001000 t:0.3s
tttg: c5/289 lr:0.001000 t:0.4s
tttg: c6/289 lr:0.000999 t:0.5s
tttg: c7/289 lr:0.000999 t:0.6s
tttg: c8/289 lr:0.000999 t:0.7s
tttg: c9/289 lr:0.000998 t:0.8s
tttg: c10/289 lr:0.000998 t:0.9s
tttg: c11/289 lr:0.000997 t:1.0s
tttg: c12/289 lr:0.000996 t:1.1s
tttg: c13/289 lr:0.000996 t:1.2s
tttg: c14/289 lr:0.000995 t:1.3s
tttg: c15/289 lr:0.000994 t:1.4s
tttg: c16/289 lr:0.000993 t:1.5s
tttg: c17/289 lr:0.000992 t:1.6s
tttg: c18/289 lr:0.000991 t:1.7s
tttg: c19/289 lr:0.000990 t:1.8s
tttg: c20/289 lr:0.000989 t:1.9s
tttg: c21/289 lr:0.000988 t:2.0s
tttg: c22/289 lr:0.000987 t:2.1s
tttg: c23/289 lr:0.000986 t:2.2s
tttg: c24/289 lr:0.000984 t:2.2s
tttg: c25/289 lr:0.000983 t:2.3s
tttg: c26/289 lr:0.000982 t:2.4s
tttg: c27/289 lr:0.000980 t:2.5s
tttg: c28/289 lr:0.000978 t:2.6s
tttg: c29/289 lr:0.000977 t:2.7s
tttg: c30/289 lr:0.000975 t:2.8s
tttg: c31/289 lr:0.000973 t:2.9s
tttg: c32/289 lr:0.000972 t:3.0s
tttg: c33/289 lr:0.000970 t:3.1s
tttg: c34/289 lr:0.000968 t:3.2s
tttg: c35/289 lr:0.000966 t:3.3s
tttg: c36/289 lr:0.000964 t:3.4s
tttg: c37/289 lr:0.000962 t:3.5s
tttg: c38/289 lr:0.000960 t:3.6s
tttg: c39/289 lr:0.000958 t:3.7s
tttg: c40/289 lr:0.000955 t:3.8s
tttg: c41/289 lr:0.000953 t:3.9s
tttg: c42/289 lr:0.000951 t:4.0s
tttg: c43/289 lr:0.000948 t:4.1s
tttg: c44/289 lr:0.000946 t:4.2s
tttg: c45/289 lr:0.000944 t:4.3s
tttg: c46/289 lr:0.000941 t:4.4s
tttg: c47/289 lr:0.000938 t:4.5s
tttg: c48/289 lr:0.000936 t:4.6s
tttg: c49/289 lr:0.000933 t:4.7s
tttg: c50/289 lr:0.000930 t:4.8s
tttg: c51/289 lr:0.000927 t:4.9s
tttg: c52/289 lr:0.000925 t:5.0s
tttg: c53/289 lr:0.000922 t:5.1s
tttg: c54/289 lr:0.000919 t:5.1s
tttg: c55/289 lr:0.000916 t:5.2s
tttg: c56/289 lr:0.000913 t:5.3s
tttg: c57/289 lr:0.000910 t:5.4s
tttg: c58/289 lr:0.000906 t:5.5s
tttg: c59/289 lr:0.000903 t:5.6s
tttg: c60/289 lr:0.000900 t:5.7s
tttg: c61/289 lr:0.000897 t:5.8s
tttg: c62/289 lr:0.000893 t:5.9s
tttg: c63/289 lr:0.000890 t:6.0s
tttg: c64/289 lr:0.000887 t:6.1s
tttg: c65/289 lr:0.000883 t:6.2s
tttg: c66/289 lr:0.000879 t:6.3s
tttg: c67/289 lr:0.000876 t:6.4s
tttg: c68/289 lr:0.000872 t:6.5s
tttg: c69/289 lr:0.000869 t:6.6s
tttg: c70/289 lr:0.000865 t:6.7s
tttg: c71/289 lr:0.000861 t:6.7s
tttg: c72/289 lr:0.000857 t:6.8s
tttg: c73/289 lr:0.000854 t:6.9s
tttg: c74/289 lr:0.000850 t:7.0s
tttg: c75/289 lr:0.000846 t:7.1s
tttg: c76/289 lr:0.000842 t:7.2s
tttg: c77/289 lr:0.000838 t:7.3s
tttg: c78/289 lr:0.000834 t:7.4s
tttg: c79/289 lr:0.000830 t:7.4s
tttg: c80/289 lr:0.000826 t:7.5s
tttg: c81/289 lr:0.000821 t:7.6s
tttg: c82/289 lr:0.000817 t:7.7s
tttg: c83/289 lr:0.000813 t:7.8s
tttg: c84/289 lr:0.000809 t:7.9s
tttg: c85/289 lr:0.000804 t:8.0s
tttg: c86/289 lr:0.000800 t:8.1s
tttg: c87/289 lr:0.000796 t:8.2s
tttg: c88/289 lr:0.000791 t:8.3s
tttg: c89/289 lr:0.000787 t:8.4s
tttg: c90/289 lr:0.000782 t:8.5s
tttg: c91/289 lr:0.000778 t:8.6s
tttg: c92/289 lr:0.000773 t:8.7s
tttg: c93/289 lr:0.000769 t:8.8s
tttg: c94/289 lr:0.000764 t:8.9s
tttg: c95/289 lr:0.000759 t:9.0s
tttg: c96/289 lr:0.000755 t:9.1s
tttg: c97/289 lr:0.000750 t:9.2s
tttg: c98/289 lr:0.000745 t:9.3s
tttg: c99/289 lr:0.000740 t:9.4s
tttg: c100/289 lr:0.000736 t:9.5s
tttg: c101/289 lr:0.000731 t:9.6s
tttg: c102/289 lr:0.000726 t:9.7s
tttg: c103/289 lr:0.000721 t:9.7s
tttg: c104/289 lr:0.000716 t:9.8s
tttg: c105/289 lr:0.000711 t:9.9s
tttg: c106/289 lr:0.000706 t:10.0s
tttg: c107/289 lr:0.000701 t:10.1s
tttg: c108/289 lr:0.000696 t:10.2s
tttg: c109/289 lr:0.000691 t:10.3s
tttg: c110/289 lr:0.000686 t:10.4s
tttg: c111/289 lr:0.000681 t:10.5s
tttg: c112/289 lr:0.000676 t:10.6s
tttg: c113/289 lr:0.000671 t:10.7s
tttg: c114/289 lr:0.000666 t:10.8s
tttg: c115/289 lr:0.000661 t:10.9s
tttg: c116/289 lr:0.000656 t:11.0s
tttg: c117/289 lr:0.000650 t:11.1s
tttg: c118/289 lr:0.000645 t:11.2s
tttg: c119/289 lr:0.000640 t:11.3s
tttg: c120/289 lr:0.000635 t:11.4s
tttg: c121/289 lr:0.000629 t:11.5s
tttg: c122/289 lr:0.000624 t:11.6s
tttg: c123/289 lr:0.000619 t:11.7s
tttg: c124/289 lr:0.000614 t:11.8s
tttg: c125/289 lr:0.000608 t:11.9s
tttg: c126/289 lr:0.000603 t:12.0s
tttg: c127/289 lr:0.000598 t:12.1s
tttg: c128/289 lr:0.000592 t:12.2s
tttg: c129/289 lr:0.000587 t:12.3s
tttg: c130/289 lr:0.000581 t:12.4s
tttg: c131/289 lr:0.000576 t:12.5s
tttg: c132/289 lr:0.000571 t:12.6s
tttg: c133/289 lr:0.000565 t:12.7s
tttg: c134/289 lr:0.000560 t:12.8s
tttg: c135/289 lr:0.000554 t:12.9s
tttg: c136/289 lr:0.000549 t:13.0s
tttg: c137/289 lr:0.000544 t:13.1s
tttg: c138/289 lr:0.000538 t:13.2s
tttg: c139/289 lr:0.000533 t:13.3s
tttg: c140/289 lr:0.000527 t:13.4s
tttg: c141/289 lr:0.000522 t:13.5s
tttg: c142/289 lr:0.000516 t:13.6s
tttg: c143/289 lr:0.000511 t:13.7s
tttg: c144/289 lr:0.000505 t:13.8s
tttg: c145/289 lr:0.000500 t:13.9s
tttg: c146/289 lr:0.000495 t:14.0s
tttg: c147/289 lr:0.000489 t:14.1s
tttg: c148/289 lr:0.000484 t:14.2s
tttg: c149/289 lr:0.000478 t:14.3s
tttg: c150/289 lr:0.000473 t:14.4s
tttg: c151/289 lr:0.000467 t:14.5s
tttg: c152/289 lr:0.000462 t:14.6s
tttg: c153/289 lr:0.000456 t:14.7s
tttg: c154/289 lr:0.000451 t:14.8s
tttg: c155/289 lr:0.000446 t:14.9s
tttg: c156/289 lr:0.000440 t:15.0s
tttg: c157/289 lr:0.000435 t:15.1s
tttg: c158/289 lr:0.000429 t:15.2s
tttg: c159/289 lr:0.000424 t:15.3s
tttg: c160/289 lr:0.000419 t:15.4s
tttg: c161/289 lr:0.000413 t:15.5s
tttg: c162/289 lr:0.000408 t:15.6s
tttg: c163/289 lr:0.000402 t:15.7s
tttg: c164/289 lr:0.000397 t:15.8s
tttg: c165/289 lr:0.000392 t:15.9s
tttg: c166/289 lr:0.000386 t:16.0s
tttg: c167/289 lr:0.000381 t:16.1s
tttg: c168/289 lr:0.000376 t:16.2s
tttg: c169/289 lr:0.000371 t:16.3s
tttg: c170/289 lr:0.000365 t:16.4s
tttg: c171/289 lr:0.000360 t:16.5s
tttg: c172/289 lr:0.000355 t:16.6s
tttg: c173/289 lr:0.000350 t:16.7s
tttg: c174/289 lr:0.000344 t:16.8s
tttg: c175/289 lr:0.000339 t:16.9s
tttg: c176/289 lr:0.000334 t:17.0s
tttg: c177/289 lr:0.000329 t:17.1s
tttg: c178/289 lr:0.000324 t:17.2s
tttg: c179/289 lr:0.000319 t:17.3s
tttg: c180/289 lr:0.000314 t:17.4s
tttg: c181/289 lr:0.000309 t:17.5s
tttg: c182/289 lr:0.000304 t:17.6s
tttg: c183/289 lr:0.000299 t:17.7s
tttg: c184/289 lr:0.000294 t:17.8s
tttg: c185/289 lr:0.000289 t:17.9s
tttg: c186/289 lr:0.000284 t:18.0s
tttg: c187/289 lr:0.000279 t:18.1s
tttg: c188/289 lr:0.000274 t:18.2s
tttg: c189/289 lr:0.000269 t:18.3s
tttg: c190/289 lr:0.000264 t:18.4s
tttg: c191/289 lr:0.000260 t:18.5s
tttg: c192/289 lr:0.000255 t:18.6s
tttg: c193/289 lr:0.000250 t:18.7s
tttg: c194/289 lr:0.000245 t:18.8s
tttg: c195/289 lr:0.000241 t:18.9s
tttg: c196/289 lr:0.000236 t:19.0s
tttg: c197/289 lr:0.000231 t:19.1s
tttg: c198/289 lr:0.000227 t:19.2s
tttg: c199/289 lr:0.000222 t:19.3s
tttg: c200/289 lr:0.000218 t:19.4s
tttg: c201/289 lr:0.000213 t:19.5s
tttg: c202/289 lr:0.000209 t:19.6s
tttg: c203/289 lr:0.000204 t:19.7s
tttg: c204/289 lr:0.000200 t:19.8s
tttg: c205/289 lr:0.000196 t:19.9s
tttg: c206/289 lr:0.000191 t:20.0s
tttg: c207/289 lr:0.000187 t:20.1s
tttg: c208/289 lr:0.000183 t:20.2s
tttg: c209/289 lr:0.000179 t:20.3s
tttg: c210/289 lr:0.000174 t:20.4s
tttg: c211/289 lr:0.000170 t:20.5s
tttg: c212/289 lr:0.000166 t:20.6s
tttg: c213/289 lr:0.000162 t:20.7s
tttg: c214/289 lr:0.000158 t:20.7s
tttg: c215/289 lr:0.000154 t:20.8s
tttg: c216/289 lr:0.000150 t:20.9s
tttg: c217/289 lr:0.000146 t:21.0s
tttg: c218/289 lr:0.000143 t:21.1s
tttg: c219/289 lr:0.000139 t:21.2s
tttg: c220/289 lr:0.000135 t:21.3s
tttg: c221/289 lr:0.000131 t:21.4s
tttg: c222/289 lr:0.000128 t:21.5s
tttg: c223/289 lr:0.000124 t:21.6s
tttg: c224/289 lr:0.000121 t:21.7s
tttg: c225/289 lr:0.000117 t:21.8s
tttg: c226/289 lr:0.000113 t:21.9s
tttg: c227/289 lr:0.000110 t:22.0s
tttg: c228/289 lr:0.000107 t:22.1s
tttg: c229/289 lr:0.000103 t:22.2s
tttg: c230/289 lr:0.000100 t:22.3s
tttg: c231/289 lr:0.000097 t:22.4s
tttg: c232/289 lr:0.000094 t:22.5s
tttg: c233/289 lr:0.000090 t:22.6s
tttg: c234/289 lr:0.000087 t:22.7s
tttg: c235/289 lr:0.000084 t:22.8s
tttg: c236/289 lr:0.000081 t:22.9s
tttg: c237/289 lr:0.000078 t:23.0s
tttg: c238/289 lr:0.000075 t:23.1s
tttg: c239/289 lr:0.000073 t:23.2s
tttg: c240/289 lr:0.000070 t:23.3s
tttg: c241/289 lr:0.000067 t:23.4s
tttg: c242/289 lr:0.000064 t:23.5s
tttg: c243/289 lr:0.000062 t:23.6s
tttg: c244/289 lr:0.000059 t:23.7s
tttg: c245/289 lr:0.000056 t:23.8s
tttg: c246/289 lr:0.000054 t:23.9s
tttg: c247/289 lr:0.000052 t:24.0s
tttg: c248/289 lr:0.000049 t:24.1s
tttg: c249/289 lr:0.000047 t:24.2s
tttg: c250/289 lr:0.000045 t:24.3s
tttg: c251/289 lr:0.000042 t:24.4s
tttg: c252/289 lr:0.000040 t:24.5s
tttg: c253/289 lr:0.000038 t:24.6s
tttg: c254/289 lr:0.000036 t:24.7s
tttg: c255/289 lr:0.000034 t:24.8s
tttg: c256/289 lr:0.000032 t:24.9s
tttg: c257/289 lr:0.000030 t:25.0s
tttg: c258/289 lr:0.000028 t:25.1s
tttg: c259/289 lr:0.000027 t:25.2s
tttg: c260/289 lr:0.000025 t:25.3s
tttg: c261/289 lr:0.000023 t:25.4s
tttg: c262/289 lr:0.000022 t:25.5s
tttg: c263/289 lr:0.000020 t:25.6s
tttg: c264/289 lr:0.000018 t:25.7s
tttg: c265/289 lr:0.000017 t:25.8s
tttg: c266/289 lr:0.000016 t:25.9s
tttg: c267/289 lr:0.000014 t:26.0s
tttg: c268/289 lr:0.000013 t:26.1s
tttg: c269/289 lr:0.000012 t:26.2s
tttg: c270/289 lr:0.000011 t:26.3s
tttg: c271/289 lr:0.000010 t:26.4s
tttg: c272/289 lr:0.000009 t:26.5s
tttg: c273/289 lr:0.000008 t:26.6s
tttg: c274/289 lr:0.000007 t:26.7s
tttg: c275/289 lr:0.000006 t:26.8s
tttg: c276/289 lr:0.000005 t:26.8s
tttg: c277/289 lr:0.000004 t:26.9s
tttg: c278/289 lr:0.000004 t:27.0s
tttg: c279/289 lr:0.000003 t:27.1s
tttg: c280/289 lr:0.000002 t:27.2s
tttg: c281/289 lr:0.000002 t:27.3s
tttg: c282/289 lr:0.000001 t:27.4s
tttg: c283/289 lr:0.000001 t:27.5s
tttg: c284/289 lr:0.000001 t:27.6s
tttg: c285/289 lr:0.000000 t:27.7s
tttg: c286/289 lr:0.000000 t:27.8s
tttg: c287/289 lr:0.000000 t:27.9s
tttg: c288/289 lr:0.000000 t:28.0s
ttpr: phase:3/3 t:565.6s
ttp: b748/782 bl:2.9598 bb:1.1334 rl:2.8503 rb:1.1287 dl:2539-2578 gd:1
ttp: b747/782 bl:2.9525 bb:1.1229 rl:2.8536 rb:1.1285 dl:2501-2538 gd:1
ttp: b745/782 bl:2.9452 bb:1.1513 rl:2.8564 rb:1.1292 dl:2421-2458 gd:1
ttp: b742/782 bl:2.9440 bb:1.1276 rl:2.8589 rb:1.1292 dl:2319-2353 gd:1
ttp: b741/782 bl:2.9655 bb:1.1674 rl:2.8618 rb:1.1302 dl:2286-2319 gd:1
ttp: b738/782 bl:2.9052 bb:1.1146 rl:2.8629 rb:1.1298 dl:2194-2227 gd:1
ttp: b736/782 bl:2.8396 bb:1.1068 rl:2.8624 rb:1.1292 dl:2140-2165 gd:1
ttp: b734/782 bl:2.9351 bb:1.1192 rl:2.8641 rb:1.1290 dl:2091-2115 gd:1
ttp: b732/782 bl:2.9821 bb:1.1606 rl:2.8667 rb:1.1297 dl:2041-2062 gd:1
ttp: b730/782 bl:2.9332 bb:1.1547 rl:2.8681 rb:1.1302 dl:1995-2016 gd:1
ttp: b729/782 bl:2.8814 bb:1.0981 rl:2.8683 rb:1.1296 dl:1978-1994 gd:1
ttp: b727/782 bl:2.9307 bb:1.1157 rl:2.8696 rb:1.1293 dl:1936-1960 gd:1
ttp: b725/782 bl:2.9221 bb:1.1326 rl:2.8706 rb:1.1293 dl:1900-1915 gd:1
ttp: b723/782 bl:2.9493 bb:1.1252 rl:2.8720 rb:1.1293 dl:1861-1885 gd:1
ttp: b721/782 bl:2.9136 bb:1.0875 rl:2.8727 rb:1.1285 dl:1832-1846 gd:1
ttp: b719/782 bl:2.8423 bb:1.0899 rl:2.8722 rb:1.1278 dl:1793-1816 gd:1
ttp: b717/782 bl:2.9509 bb:1.1113 rl:2.8735 rb:1.1275 dl:1754-1773 gd:1
ttp: b715/782 bl:2.8043 bb:1.1019 rl:2.8724 rb:1.1271 dl:1725-1739 gd:1
ttp: b712/782 bl:2.9953 bb:1.1404 rl:2.8743 rb:1.1273 dl:1684-1697 gd:1
ttp: b710/782 bl:2.9196 bb:1.1319 rl:2.8749 rb:1.1274 dl:1661-1673 gd:1
ttp: b709/782 bl:2.9537 bb:1.1223 rl:2.8761 rb:1.1273 dl:1649-1661 gd:1
ttp: b707/782 bl:2.9324 bb:1.1463 rl:2.8769 rb:1.1276 dl:1627-1638 gd:1
ttp: b704/782 bl:2.9105 bb:1.0855 rl:2.8773 rb:1.1270 dl:1595-1606 gd:1
ttp: b702/782 bl:2.9628 bb:1.1270 rl:2.8784 rb:1.1270 dl:1572-1581 gd:1
ttp: b700/782 bl:2.8438 bb:1.1099 rl:2.8780 rb:1.1268 dl:1552-1562 gd:1
ttp: b698/782 bl:2.9484 bb:1.0928 rl:2.8789 rb:1.1263 dl:1534-1543 gd:1
ttp: b696/782 bl:2.9798 bb:1.1390 rl:2.8801 rb:1.1265 dl:1513-1522 gd:1
ttp: b694/782 bl:2.9244 bb:1.1287 rl:2.8806 rb:1.1265 dl:1494-1504 gd:1
ttp: b692/782 bl:2.9311 bb:1.1121 rl:2.8812 rb:1.1263 dl:1477-1484 gd:1
ttp: b691/782 bl:2.8649 bb:1.1062 rl:2.8810 rb:1.1261 dl:1467-1476 gd:1
ttp: b688/782 bl:2.9140 bb:1.1117 rl:2.8814 rb:1.1259 dl:1441-1450 gd:1
ttp: b686/782 bl:2.9713 bb:1.1164 rl:2.8824 rb:1.1258 dl:1422-1432 gd:1
ttp: b684/782 bl:2.9677 bb:1.1409 rl:2.8833 rb:1.1260 dl:1407-1414 gd:1
ttp: b682/782 bl:2.9672 bb:1.1335 rl:2.8842 rb:1.1261 dl:1393-1400 gd:1
ttp: b680/782 bl:2.9684 bb:1.1167 rl:2.8850 rb:1.1260 dl:1375-1383 gd:1
ttp: b678/782 bl:2.9557 bb:1.1126 rl:2.8857 rb:1.1258 dl:1361-1368 gd:1
ttp: b676/782 bl:2.9632 bb:1.1322 rl:2.8865 rb:1.1259 dl:1347-1353 gd:1
ttp: b674/782 bl:2.9526 bb:1.1204 rl:2.8871 rb:1.1259 dl:1334-1341 gd:1
ttp: b672/782 bl:3.0681 bb:1.1705 rl:2.8888 rb:1.1263 dl:1321-1327 gd:1
ttp: b670/782 bl:2.9917 bb:1.1186 rl:2.8898 rb:1.1262 dl:1308-1315 gd:1
ttp: b668/782 bl:2.9662 bb:1.1242 rl:2.8904 rb:1.1262 dl:1295-1301 gd:1
ttp: b666/782 bl:2.9884 bb:1.1231 rl:2.8913 rb:1.1262 dl:1282-1288 gd:1
ttp: b664/782 bl:2.8629 bb:1.1037 rl:2.8911 rb:1.1260 dl:1270-1275 gd:1
ttp: b662/782 bl:2.9731 bb:1.1345 rl:2.8918 rb:1.1260 dl:1258-1263 gd:1
ttp: b660/782 bl:3.0276 bb:1.1585 rl:2.8929 rb:1.1263 dl:1245-1250 gd:1
ttp: b658/782 bl:2.9763 bb:1.1392 rl:2.8936 rb:1.1264 dl:1234-1239 gd:1
ttp: b656/782 bl:2.9121 bb:1.0994 rl:2.8937 rb:1.1262 dl:1220-1227 gd:1
ttp: b654/782 bl:2.8999 bb:1.1008 rl:2.8938 rb:1.1260 dl:1209-1215 gd:1
ttp: b652/782 bl:2.9659 bb:1.1364 rl:2.8944 rb:1.1261 dl:1198-1203 gd:1
ttp: b650/782 bl:2.9617 bb:1.1403 rl:2.8949 rb:1.1262 dl:1188-1193 gd:1
ttp: b648/782 bl:2.9156 bb:1.1052 rl:2.8950 rb:1.1260 dl:1177-1182 gd:1
ttp: b646/782 bl:2.9456 bb:1.1406 rl:2.8954 rb:1.1261 dl:1166-1171 gd:1
ttp: b644/782 bl:2.8980 bb:1.0935 rl:2.8954 rb:1.1259 dl:1155-1160 gd:1
ttp: b642/782 bl:2.9582 bb:1.1508 rl:2.8959 rb:1.1261 dl:1144-1150 gd:1
ttp: b640/782 bl:2.9479 bb:1.1473 rl:2.8962 rb:1.1262 dl:1134-1140 gd:1
ttp: b638/782 bl:3.0135 bb:1.1115 rl:2.8971 rb:1.1261 dl:1123-1129 gd:1
ttp: b636/782 bl:2.9341 bb:1.1382 rl:2.8973 rb:1.1262 dl:1116-1120 gd:1
ttp: b634/782 bl:2.8641 bb:1.1057 rl:2.8971 rb:1.1260 dl:1105-1111 gd:1
ttp: b632/782 bl:2.9039 bb:1.0907 rl:2.8971 rb:1.1258 dl:1096-1101 gd:1
ttp: b631/782 bl:2.9370 bb:1.1277 rl:2.8974 rb:1.1258 dl:1092-1096 gd:1
ttp: b630/782 bl:2.9991 bb:1.1231 rl:2.8981 rb:1.1258 dl:1087-1092 gd:1
ttp: b628/782 bl:2.9346 bb:1.1098 rl:2.8983 rb:1.1257 dl:1078-1082 gd:1
ttp: b626/782 bl:2.9799 bb:1.1072 rl:2.8988 rb:1.1256 dl:1068-1073 gd:1
ttp: b624/782 bl:2.9568 bb:1.1377 rl:2.8992 rb:1.1256 dl:1060-1064 gd:1
ttp: b622/782 bl:3.0139 bb:1.1405 rl:2.8999 rb:1.1257 dl:1050-1055 gd:1
ttp: b620/782 bl:2.9475 bb:1.1046 rl:2.9002 rb:1.1256 dl:1041-1046 gd:1
ttp: b618/782 bl:2.9003 bb:1.1119 rl:2.9002 rb:1.1255 dl:1031-1037 gd:1
ttp: b616/782 bl:3.0249 bb:1.1535 rl:2.9009 rb:1.1257 dl:1024-1027 gd:1
ttp: b614/782 bl:2.9486 bb:1.1278 rl:2.9012 rb:1.1257 dl:1016-1020 gd:1
ttp: b612/782 bl:2.9894 bb:1.1042 rl:2.9017 rb:1.1256 dl:1007-1012 gd:1
ttp: b610/782 bl:2.9972 bb:1.1252 rl:2.9022 rb:1.1256 dl:999-1004 gd:1
ttp: b608/782 bl:2.8929 bb:1.0918 rl:2.9022 rb:1.1254 dl:990-994 gd:1
ttp: b606/782 bl:2.9832 bb:1.1478 rl:2.9026 rb:1.1255 dl:982-986 gd:1
ttp: b604/782 bl:2.8851 bb:1.0968 rl:2.9025 rb:1.1253 dl:974-978 gd:1
ttp: b602/782 bl:2.9451 bb:1.1016 rl:2.9027 rb:1.1252 dl:966-971 gd:1
ttp: b600/782 bl:2.9580 bb:1.1229 rl:2.9030 rb:1.1252 dl:958-963 gd:1
ttp: b598/782 bl:2.9759 bb:1.1335 rl:2.9034 rb:1.1252 dl:950-954 gd:1
ttp: b596/782 bl:2.9474 bb:1.1288 rl:2.9036 rb:1.1253 dl:943-947 gd:1
ttp: b593/782 bl:2.9643 bb:1.1086 rl:2.9039 rb:1.1252 dl:933-937 gd:1
ttp: b591/782 bl:2.8373 bb:1.0721 rl:2.9036 rb:1.1249 dl:927-930 gd:1
ttp: b589/782 bl:2.9193 bb:1.1175 rl:2.9037 rb:1.1249 dl:921-924 gd:1
ttp: b587/782 bl:2.9496 bb:1.1263 rl:2.9039 rb:1.1249 dl:914-917 gd:1
ttp: b585/782 bl:2.9291 bb:1.1294 rl:2.9040 rb:1.1249 dl:908-911 gd:1
ttp: b583/782 bl:2.9673 bb:1.1575 rl:2.9043 rb:1.1251 dl:901-904 gd:1
ttp: b581/782 bl:2.8813 bb:1.0749 rl:2.9042 rb:1.1248 dl:894-897 gd:1
ttp: b579/782 bl:2.7995 bb:1.0669 rl:2.9037 rb:1.1245 dl:888-891 gd:1
ttp: b577/782 bl:2.9201 bb:1.1045 rl:2.9038 rb:1.1244 dl:880-884 gd:1
ttp: b575/782 bl:2.9578 bb:1.1137 rl:2.9041 rb:1.1244 dl:874-877 gd:1
ttp: b573/782 bl:3.0945 bb:1.1325 rl:2.9049 rb:1.1244 dl:868-871 gd:1
ttp: b571/782 bl:2.8773 bb:1.0975 rl:2.9048 rb:1.1243 dl:862-865 gd:1
ttp: b569/782 bl:2.9270 bb:1.1183 rl:2.9049 rb:1.1243 dl:855-858 gd:1
ttp: b567/782 bl:2.8346 bb:1.0918 rl:2.9046 rb:1.1241 dl:849-852 gd:1
ttp: b565/782 bl:2.9355 bb:1.1249 rl:2.9047 rb:1.1241 dl:843-846 gd:1
ttp: b563/782 bl:2.9665 bb:1.1253 rl:2.9050 rb:1.1242 dl:837-840 gd:1
ttp: b561/782 bl:2.8784 bb:1.1288 rl:2.9049 rb:1.1242 dl:831-834 gd:1
ttp: b559/782 bl:2.9163 bb:1.1083 rl:2.9049 rb:1.1241 dl:824-827 gd:1
ttp: b557/782 bl:2.9646 bb:1.1054 rl:2.9052 rb:1.1240 dl:818-821 gd:1
ttp: b555/782 bl:2.9407 bb:1.1223 rl:2.9053 rb:1.1240 dl:812-815 gd:1
ttp: b553/782 bl:2.9304 bb:1.1227 rl:2.9054 rb:1.1240 dl:806-809 gd:1
ttp: b551/782 bl:2.9901 bb:1.1270 rl:2.9057 rb:1.1240 dl:801-804 gd:1
ttp: b549/782 bl:2.9324 bb:1.1282 rl:2.9058 rb:1.1240 dl:795-798 gd:1
ttp: b547/782 bl:2.8979 bb:1.0944 rl:2.9058 rb:1.1239 dl:790-793 gd:1
ttp: b545/782 bl:2.9514 bb:1.1161 rl:2.9060 rb:1.1239 dl:785-788 gd:1
ttp: b543/782 bl:2.9516 bb:1.1081 rl:2.9061 rb:1.1238 dl:779-782 gd:1
ttp: b541/782 bl:2.9543 bb:1.1181 rl:2.9063 rb:1.1238 dl:774-776 gd:1
ttp: b539/782 bl:2.9044 bb:1.1120 rl:2.9063 rb:1.1238 dl:769-771 gd:1
ttp: b537/782 bl:2.8791 bb:1.0886 rl:2.9062 rb:1.1236 dl:764-767 gd:1
ttp: b535/782 bl:2.9516 bb:1.1191 rl:2.9064 rb:1.1236 dl:759-762 gd:1
ttp: b533/782 bl:2.9290 bb:1.0940 rl:2.9065 rb:1.1235 dl:754-757 gd:1
ttp: b531/782 bl:2.9346 bb:1.1130 rl:2.9066 rb:1.1235 dl:750-752 gd:1
ttp: b529/782 bl:2.9477 bb:1.1227 rl:2.9067 rb:1.1235 dl:745-747 gd:1
ttp: b527/782 bl:2.9065 bb:1.1044 rl:2.9067 rb:1.1234 dl:739-742 gd:1
ttp: b525/782 bl:2.9411 bb:1.1315 rl:2.9068 rb:1.1234 dl:735-737 gd:1
ttp: b523/782 bl:2.9878 bb:1.1221 rl:2.9071 rb:1.1234 dl:730-732 gd:1
ttp: b521/782 bl:2.9334 bb:1.1130 rl:2.9072 rb:1.1234 dl:725-727 gd:1
ttp: b519/782 bl:2.9121 bb:1.1044 rl:2.9072 rb:1.1233 dl:720-723 gd:1
ttp: b517/782 bl:2.9385 bb:1.1123 rl:2.9073 rb:1.1233 dl:715-717 gd:1
ttp: b515/782 bl:2.9502 bb:1.1371 rl:2.9075 rb:1.1233 dl:710-713 gd:1
ttp: b513/782 bl:2.8901 bb:1.0698 rl:2.9074 rb:1.1231 dl:705-707 gd:1
ttp: b511/782 bl:2.9263 bb:1.1053 rl:2.9075 rb:1.1231 dl:700-703 gd:1
ttp: b509/782 bl:2.9166 bb:1.1350 rl:2.9075 rb:1.1231 dl:695-698 gd:1
ttp: b507/782 bl:2.9221 bb:1.1031 rl:2.9075 rb:1.1231 dl:690-693 gd:1
ttp: b505/782 bl:2.9358 bb:1.1217 rl:2.9076 rb:1.1231 dl:686-688 gd:1
ttp: b503/782 bl:2.9899 bb:1.1386 rl:2.9079 rb:1.1231 dl:683-685 gd:1
ttp: b501/782 bl:2.9593 bb:1.1024 rl:2.9080 rb:1.1230 dl:677-680 gd:1
ttp: b499/782 bl:2.9555 bb:1.1154 rl:2.9082 rb:1.1230 dl:673-675 gd:1
ttp: b497/782 bl:3.0132 bb:1.1489 rl:2.9085 rb:1.1231 dl:668-671 gd:1
ttp: b495/782 bl:2.9290 bb:1.1184 rl:2.9086 rb:1.1231 dl:664-666 gd:1
ttp: b493/782 bl:3.0032 bb:1.1777 rl:2.9088 rb:1.1232 dl:659-661 gd:1
ttp: b491/782 bl:2.9036 bb:1.0940 rl:2.9088 rb:1.1232 dl:655-657 gd:1
ttp: b488/782 bl:2.9806 bb:1.1108 rl:2.9090 rb:1.1231 dl:649-651 gd:1
ttp: b486/782 bl:2.9678 bb:1.1264 rl:2.9092 rb:1.1231 dl:645-646 gd:1
ttp: b484/782 bl:2.9707 bb:1.1338 rl:2.9094 rb:1.1232 dl:641-643 gd:1
ttp: b482/782 bl:2.9246 bb:1.1478 rl:2.9094 rb:1.1232 dl:637-639 gd:1
ttp: b480/782 bl:2.9595 bb:1.1173 rl:2.9095 rb:1.1232 dl:632-635 gd:1
ttp: b478/782 bl:2.9541 bb:1.1125 rl:2.9097 rb:1.1232 dl:628-630 gd:1
ttp: b476/782 bl:2.9232 bb:1.1164 rl:2.9097 rb:1.1232 dl:624-626 gd:1
ttp: b474/782 bl:2.9329 bb:1.1183 rl:2.9098 rb:1.1231 dl:620-622 gd:1
ttp: b472/782 bl:2.9687 bb:1.1349 rl:2.9099 rb:1.1232 dl:616-618 gd:1
ttp: b470/782 bl:3.0332 bb:1.1587 rl:2.9102 rb:1.1233 dl:611-613 gd:1
ttp: b468/782 bl:2.9625 bb:1.1246 rl:2.9104 rb:1.1233 dl:608-610 gd:1
ttp: b466/782 bl:2.9662 bb:1.1277 rl:2.9105 rb:1.1233 dl:604-606 gd:1
ttp: b464/782 bl:2.8936 bb:1.1467 rl:2.9105 rb:1.1233 dl:600-602 gd:1
ttp: b457/782 bl:2.9381 bb:1.1156 rl:2.9106 rb:1.1233 dl:587-589 gd:1
ttp: b455/782 bl:2.9699 bb:1.1389 rl:2.9107 rb:1.1234 dl:584-586 gd:1
ttp: b453/782 bl:2.9263 bb:1.1229 rl:2.9107 rb:1.1234 dl:580-582 gd:1
ttp: b451/782 bl:2.9506 bb:1.1303 rl:2.9108 rb:1.1234 dl:576-579 gd:1
ttp: b449/782 bl:2.9727 bb:1.1189 rl:2.9110 rb:1.1234 dl:573-575 gd:1
ttp: b447/782 bl:2.9997 bb:1.1535 rl:2.9112 rb:1.1234 dl:569-571 gd:1
ttp: b445/782 bl:2.9429 bb:1.1315 rl:2.9113 rb:1.1235 dl:566-568 gd:1
ttp: b443/782 bl:2.9485 bb:1.1231 rl:2.9114 rb:1.1235 dl:562-564 gd:1
ttp: b441/782 bl:2.8731 bb:1.1060 rl:2.9113 rb:1.1234 dl:559-560 gd:1
ttp: b439/782 bl:2.9143 bb:1.1045 rl:2.9113 rb:1.1234 dl:555-556 gd:1
ttp: b437/782 bl:3.0385 bb:1.1212 rl:2.9116 rb:1.1234 dl:551-553 gd:1
ttp: b435/782 bl:2.9027 bb:1.1177 rl:2.9116 rb:1.1234 dl:547-549 gd:1
ttp: b433/782 bl:2.9407 bb:1.1286 rl:2.9116 rb:1.1234 dl:544-545 gd:1
ttp: b430/782 bl:2.9319 bb:1.1130 rl:2.9117 rb:1.1233 dl:539-540 gd:1
ttp: b428/782 bl:3.0029 bb:1.1361 rl:2.9119 rb:1.1234 dl:535-537 gd:1
ttp: b426/782 bl:2.8998 bb:1.1348 rl:2.9118 rb:1.1234 dl:532-533 gd:1
ttp: b424/782 bl:2.9565 bb:1.1427 rl:2.9119 rb:1.1234 dl:528-530 gd:1
ttp: b422/782 bl:2.9115 bb:1.1102 rl:2.9119 rb:1.1234 dl:524-526 gd:1
ttp: b420/782 bl:2.9758 bb:1.1333 rl:2.9121 rb:1.1234 dl:521-522 gd:1
ttp: b418/782 bl:2.9833 bb:1.1380 rl:2.9122 rb:1.1235 dl:517-519 gd:1
ttp: b416/782 bl:2.9254 bb:1.0981 rl:2.9123 rb:1.1234 dl:514-516 gd:1
ttp: b414/782 bl:2.9841 bb:1.1504 rl:2.9124 rb:1.1235 dl:511-513 gd:1
ttp: b412/782 bl:2.8892 bb:1.1221 rl:2.9124 rb:1.1235 dl:508-510 gd:1
ttp: b410/782 bl:2.9532 bb:1.1213 rl:2.9124 rb:1.1235 dl:505-507 gd:1
ttp: b408/782 bl:3.0080 bb:1.1506 rl:2.9126 rb:1.1235 dl:501-503 gd:1
ttp: b405/782 bl:3.0050 bb:1.1358 rl:2.9128 rb:1.1235 dl:497-498 gd:1
ttp: b403/782 bl:2.9900 bb:1.1173 rl:2.9130 rb:1.1235 dl:493-495 gd:1
ttp: b401/782 bl:2.9115 bb:1.1270 rl:2.9130 rb:1.1235 dl:490-492 gd:1
ttp: b399/782 bl:2.9253 bb:1.1081 rl:2.9130 rb:1.1235 dl:487-489 gd:1
ttp: b397/782 bl:3.0614 bb:1.1630 rl:2.9133 rb:1.1236 dl:484-486 gd:1
ttp: b395/782 bl:2.9063 bb:1.1097 rl:2.9133 rb:1.1236 dl:481-482 gd:1
ttp: b393/782 bl:3.0256 bb:1.1523 rl:2.9135 rb:1.1236 dl:478-479 gd:1
ttp: b391/782 bl:2.9951 bb:1.1664 rl:2.9136 rb:1.1237 dl:475-476 gd:1
ttp: b389/782 bl:2.9581 bb:1.1267 rl:2.9137 rb:1.1237 dl:471-473 gd:1
ttp: b387/782 bl:2.9989 bb:1.1352 rl:2.9139 rb:1.1237 dl:468-470 gd:1
ttp: b384/782 bl:3.0229 bb:1.1597 rl:2.9141 rb:1.1238 dl:464-466 gd:1
ttp: b382/782 bl:3.0801 bb:1.1990 rl:2.9144 rb:1.1239 dl:461-463 gd:1
ttp: b380/782 bl:3.0062 bb:1.1383 rl:2.9146 rb:1.1239 dl:459-460 gd:1
ttp: b378/782 bl:2.9933 bb:1.1646 rl:2.9147 rb:1.1240 dl:456-457 gd:1
ttp: b376/782 bl:2.8872 bb:1.1088 rl:2.9146 rb:1.1240 dl:453-454 gd:1
ttp: b374/782 bl:2.9300 bb:1.1385 rl:2.9147 rb:1.1240 dl:450-452 gd:1
ttp: b372/782 bl:3.0064 bb:1.1334 rl:2.9148 rb:1.1240 dl:447-449 gd:1
ttp: b370/782 bl:2.8652 bb:1.1147 rl:2.9147 rb:1.1240 dl:444-446 gd:1
ttp: b367/782 bl:2.9979 bb:1.1259 rl:2.9149 rb:1.1240 dl:440-441 gd:1
ttp: b365/782 bl:2.9518 bb:1.1504 rl:2.9150 rb:1.1241 dl:437-439 gd:1
ttp: b363/782 bl:2.9104 bb:1.1606 rl:2.9149 rb:1.1241 dl:434-436 gd:1
ttp: b361/782 bl:2.9719 bb:1.1363 rl:2.9150 rb:1.1241 dl:432-433 gd:1
ttp: b359/782 bl:2.9601 bb:1.1440 rl:2.9151 rb:1.1242 dl:429-430 gd:1
ttp: b357/782 bl:3.0362 bb:1.1488 rl:2.9153 rb:1.1242 dl:426-427 gd:1
ttp: b355/782 bl:2.8874 bb:1.1377 rl:2.9153 rb:1.1242 dl:423-424 gd:1
ttp: b352/782 bl:2.9252 bb:1.1628 rl:2.9153 rb:1.1243 dl:419-420 gd:1
ttp: b350/782 bl:2.9027 bb:1.1259 rl:2.9153 rb:1.1243 dl:417-418 gd:1
ttp: b348/782 bl:2.9720 bb:1.1294 rl:2.9154 rb:1.1243 dl:414-415 gd:1
ttp: b346/782 bl:3.0084 bb:1.1481 rl:2.9155 rb:1.1244 dl:412-413 gd:1
ttp: b343/782 bl:2.9686 bb:1.1327 rl:2.9156 rb:1.1244 dl:407-408 gd:1
ttp: b341/782 bl:3.0378 bb:1.1630 rl:2.9158 rb:1.1244 dl:404-406 gd:1
ttp: b339/782 bl:2.9963 bb:1.1378 rl:2.9159 rb:1.1244 dl:402-403 gd:1
ttp: b337/782 bl:3.0110 bb:1.1464 rl:2.9160 rb:1.1245 dl:399-400 gd:1
ttp: b334/782 bl:3.0460 bb:1.1721 rl:2.9162 rb:1.1246 dl:395-396 gd:1
ttp: b332/782 bl:3.0058 bb:1.1671 rl:2.9164 rb:1.1246 dl:393-394 gd:1
ttp: b330/782 bl:3.0375 bb:1.1580 rl:2.9166 rb:1.1247 dl:390-392 gd:1
ttp: b328/782 bl:2.9602 bb:1.1478 rl:2.9166 rb:1.1247 dl:388-389 gd:1
ttp: b326/782 bl:3.0330 bb:1.1988 rl:2.9168 rb:1.1248 dl:385-387 gd:1
ttp: b323/782 bl:2.9942 bb:1.1137 rl:2.9169 rb:1.1248 dl:381-382 gd:1
ttp: b321/782 bl:2.9705 bb:1.1673 rl:2.9170 rb:1.1248 dl:378-380 gd:1
ttp: b319/782 bl:2.9994 bb:1.1767 rl:2.9171 rb:1.1249 dl:376-377 gd:1
ttp: b317/782 bl:3.0447 bb:1.1771 rl:2.9173 rb:1.1250 dl:373-374 gd:1
ttp: b315/782 bl:2.9112 bb:1.1447 rl:2.9173 rb:1.1250 dl:370-371 gd:1
ttp: b312/782 bl:2.9020 bb:1.1328 rl:2.9172 rb:1.1250 dl:367-368 gd:1
ttp: b310/782 bl:2.9620 bb:1.1475 rl:2.9173 rb:1.1251 dl:364-365 gd:1
ttp: b308/782 bl:2.9794 bb:1.1575 rl:2.9174 rb:1.1251 dl:362-363 gd:1
ttp: b306/782 bl:3.0562 bb:1.2091 rl:2.9176 rb:1.1252 dl:359-361 gd:1
ttp: b304/782 bl:3.0914 bb:1.2040 rl:2.9178 rb:1.1253 dl:357-358 gd:1
ttp: b301/782 bl:2.9612 bb:1.1515 rl:2.9179 rb:1.1254 dl:353-354 gd:1
ttp: b299/782 bl:3.0716 bb:1.1911 rl:2.9181 rb:1.1254 dl:351-352 gd:1
ttp: b297/782 bl:2.9910 bb:1.1331 rl:2.9182 rb:1.1254 dl:348-349 gd:1
ttp: b293/782 bl:2.9558 bb:1.1419 rl:2.9182 rb:1.1255 dl:343-345 gd:1
ttp: b292/782 bl:2.9641 bb:1.1485 rl:2.9183 rb:1.1255 dl:342-343 gd:1
ttp: b290/782 bl:3.0333 bb:1.1492 rl:2.9184 rb:1.1255 dl:340-341 gd:1
ttp: b288/782 bl:2.9743 bb:1.1677 rl:2.9185 rb:1.1256 dl:337-339 gd:1
ttp: b285/782 bl:3.0443 bb:1.1914 rl:2.9186 rb:1.1257 dl:334-335 gd:1
ttp: b283/782 bl:2.9591 bb:1.1352 rl:2.9187 rb:1.1257 dl:332-333 gd:1
ttp: b281/782 bl:3.0960 bb:1.2207 rl:2.9189 rb:1.1258 dl:329-330 gd:1
ttp: b280/782 bl:3.0050 bb:1.1663 rl:2.9190 rb:1.1258 dl:329-329 gd:1
ttp: b276/782 bl:3.0123 bb:1.1675 rl:2.9191 rb:1.1259 dl:324-325 gd:1
ttp: b274/782 bl:2.9944 bb:1.1625 rl:2.9192 rb:1.1259 dl:322-323 gd:1
ttp: b272/782 bl:3.0311 bb:1.1758 rl:2.9193 rb:1.1260 dl:320-321 gd:1
ttp: b270/782 bl:2.9493 bb:1.1574 rl:2.9194 rb:1.1260 dl:318-319 gd:1
ttp: b268/782 bl:3.0321 bb:1.1658 rl:2.9195 rb:1.1261 dl:315-316 gd:1
ttp: b266/782 bl:3.0144 bb:1.1592 rl:2.9196 rb:1.1261 dl:313-314 gd:1
ttp: b264/782 bl:3.0740 bb:1.2167 rl:2.9198 rb:1.1262 dl:311-312 gd:1
ttp: b262/782 bl:3.0336 bb:1.1845 rl:2.9199 rb:1.1263 dl:309-310 gd:1
ttp: b260/782 bl:2.9853 bb:1.1645 rl:2.9200 rb:1.1263 dl:306-307 gd:1
ttp: b258/782 bl:3.1134 bb:1.2277 rl:2.9202 rb:1.1264 dl:304-305 gd:1
ttp: b256/782 bl:3.0711 bb:1.2039 rl:2.9204 rb:1.1265 dl:301-302 gd:1
ttp: b254/782 bl:3.0925 bb:1.2181 rl:2.9206 rb:1.1266 dl:299-300 gd:1
ttp: b252/782 bl:3.0647 bb:1.1942 rl:2.9207 rb:1.1267 dl:297-298 gd:1
ttp: b249/782 bl:3.0677 bb:1.2219 rl:2.9209 rb:1.1268 dl:294-295 gd:1
ttp: b247/782 bl:2.9562 bb:1.1422 rl:2.9209 rb:1.1268 dl:292-293 gd:1
ttp: b245/782 bl:3.0445 bb:1.1691 rl:2.9210 rb:1.1268 dl:290-291 gd:1
ttp: b243/782 bl:3.0013 bb:1.1705 rl:2.9211 rb:1.1269 dl:288-289 gd:1
ttp: b242/782 bl:3.0673 bb:1.1727 rl:2.9213 rb:1.1269 dl:287-288 gd:1
ttp: b240/782 bl:3.0823 bb:1.2233 rl:2.9214 rb:1.1270 dl:285-286 gd:1
ttp: b238/782 bl:3.0532 bb:1.2111 rl:2.9216 rb:1.1271 dl:283-284 gd:1
ttp: b236/782 bl:3.0406 bb:1.1818 rl:2.9217 rb:1.1272 dl:281-282 gd:1
ttp: b234/782 bl:3.0839 bb:1.2225 rl:2.9219 rb:1.1273 dl:279-280 gd:1
ttp: b232/782 bl:3.0960 bb:1.1975 rl:2.9220 rb:1.1273 dl:277-278 gd:1
ttp: b230/782 bl:3.0739 bb:1.1763 rl:2.9222 rb:1.1274 dl:275-276 gd:1
ttp: b228/782 bl:3.0412 bb:1.2035 rl:2.9223 rb:1.1274 dl:273-274 gd:1
ttp: b226/782 bl:3.1065 bb:1.2085 rl:2.9225 rb:1.1275 dl:271-272 gd:1
ttp: b223/782 bl:3.0099 bb:1.1588 rl:2.9226 rb:1.1276 dl:268-269 gd:1
ttp: b221/782 bl:3.0111 bb:1.2084 rl:2.9226 rb:1.1276 dl:266-267 gd:1
ttp: b219/782 bl:3.0707 bb:1.1981 rl:2.9228 rb:1.1277 dl:264-265 gd:1
ttp: b217/782 bl:3.0452 bb:1.1928 rl:2.9229 rb:1.1278 dl:262-263 gd:1
ttp: b215/782 bl:3.0098 bb:1.2077 rl:2.9230 rb:1.1278 dl:260-261 gd:1
ttp: b213/782 bl:3.1705 bb:1.2371 rl:2.9232 rb:1.1279 dl:258-259 gd:1
ttp: b211/782 bl:3.0907 bb:1.2313 rl:2.9234 rb:1.1280 dl:256-257 gd:1
ttp: b207/782 bl:3.0106 bb:1.1843 rl:2.9234 rb:1.1281 dl:253-254 gd:1
ttp: b206/782 bl:3.0788 bb:1.1917 rl:2.9236 rb:1.1281 dl:252-253 gd:1
ttp: b204/782 bl:3.0785 bb:1.1975 rl:2.9237 rb:1.1282 dl:250-251 gd:1
ttp: b202/782 bl:3.0381 bb:1.2009 rl:2.9238 rb:1.1282 dl:248-249 gd:1
ttp: b199/782 bl:3.1177 bb:1.1949 rl:2.9240 rb:1.1283 dl:246-247 gd:1
ttp: b197/782 bl:3.0288 bb:1.1944 rl:2.9241 rb:1.1284 dl:244-245 gd:1
ttp: b195/782 bl:3.0269 bb:1.1847 rl:2.9242 rb:1.1284 dl:242-243 gd:1
ttp: b193/782 bl:3.0647 bb:1.2348 rl:2.9243 rb:1.1285 dl:240-241 gd:1
ttp: b191/782 bl:3.1115 bb:1.2150 rl:2.9244 rb:1.1286 dl:238-239 gd:1
ttp: b189/782 bl:3.1277 bb:1.2694 rl:2.9246 rb:1.1287 dl:237-237 gd:1
ttp: b186/782 bl:3.1185 bb:1.2460 rl:2.9248 rb:1.1288 dl:234-235 gd:1
ttp: b184/782 bl:3.0790 bb:1.2226 rl:2.9249 rb:1.1288 dl:232-233 gd:1
ttp: b180/782 bl:3.0809 bb:1.2014 rl:2.9250 rb:1.1289 dl:229-230 gd:1
ttp: b179/782 bl:3.1263 bb:1.2212 rl:2.9252 rb:1.1290 dl:228-229 gd:1
ttp: b177/782 bl:3.0807 bb:1.2088 rl:2.9253 rb:1.1290 dl:226-227 gd:1
ttp: b175/782 bl:3.0308 bb:1.1880 rl:2.9254 rb:1.1291 dl:225-225 gd:1
ttp: b172/782 bl:3.1728 bb:1.2478 rl:2.9256 rb:1.1292 dl:222-223 gd:1
ttp: b171/782 bl:3.0689 bb:1.1804 rl:2.9257 rb:1.1292 dl:221-222 gd:1
ttp: b170/782 bl:3.1577 bb:1.2347 rl:2.9259 rb:1.1293 dl:220-221 gd:1
ttp: b169/782 bl:3.1116 bb:1.2433 rl:2.9260 rb:1.1294 dl:219-220 gd:1
ttp: b168/782 bl:3.0927 bb:1.2120 rl:2.9261 rb:1.1294 dl:218-219 gd:1
ttp: b166/782 bl:3.1442 bb:1.2122 rl:2.9263 rb:1.1295 dl:217-218 gd:1
ttp: b167/782 bl:3.1293 bb:1.2509 rl:2.9265 rb:1.1296 dl:218-218 gd:1
ttp: b165/782 bl:3.1114 bb:1.2312 rl:2.9266 rb:1.1297 dl:216-217 gd:1
ttp: b164/782 bl:3.1335 bb:1.2118 rl:2.9267 rb:1.1297 dl:215-216 gd:1
ttp: b163/782 bl:3.0528 bb:1.1982 rl:2.9268 rb:1.1298 dl:214-215 gd:1
ttp: b161/782 bl:3.1391 bb:1.2491 rl:2.9270 rb:1.1299 dl:212-213 gd:1
ttp: b160/782 bl:3.0423 bb:1.1957 rl:2.9271 rb:1.1299 dl:212-212 gd:1
ttp: b156/782 bl:3.0601 bb:1.1734 rl:2.9272 rb:1.1299 dl:208-209 gd:1
ttp: b153/782 bl:3.1962 bb:1.2330 rl:2.9274 rb:1.1300 dl:206-207 gd:1
ttp: b152/782 bl:3.0600 bb:1.1939 rl:2.9275 rb:1.1301 dl:205-206 gd:1
ttp: b150/782 bl:3.1160 bb:1.2249 rl:2.9276 rb:1.1301 dl:204-204 gd:1
ttp: b147/782 bl:3.1202 bb:1.2344 rl:2.9277 rb:1.1302 dl:201-202 gd:1
ttp: b144/782 bl:3.0062 bb:1.1958 rl:2.9278 rb:1.1302 dl:199-200 gd:1
ttp: b143/782 bl:3.1897 bb:1.2634 rl:2.9280 rb:1.1303 dl:198-199 gd:1
ttp: b140/782 bl:3.1166 bb:1.2306 rl:2.9281 rb:1.1304 dl:195-196 gd:1
ttp: b139/782 bl:3.1619 bb:1.2237 rl:2.9283 rb:1.1305 dl:195-195 gd:1
ttp: b136/782 bl:3.1202 bb:1.2448 rl:2.9284 rb:1.1305 dl:192-193 gd:1
ttp: b134/782 bl:3.1962 bb:1.2783 rl:2.9286 rb:1.1306 dl:190-191 gd:1
ttp: b132/782 bl:3.1175 bb:1.1998 rl:2.9287 rb:1.1307 dl:189-189 gd:1
ttp: b128/782 bl:3.0217 bb:1.1601 rl:2.9287 rb:1.1307 dl:186-187 gd:1
ttp: b127/782 bl:3.0789 bb:1.2171 rl:2.9288 rb:1.1307 dl:185-186 gd:1
ttp: b124/782 bl:3.0625 bb:1.2250 rl:2.9289 rb:1.1308 dl:183-184 gd:1
ttp: b122/782 bl:3.0740 bb:1.2299 rl:2.9290 rb:1.1309 dl:181-182 gd:1
ttp: b121/782 bl:3.0162 bb:1.1950 rl:2.9291 rb:1.1309 dl:181-181 gd:1
ttp: b118/782 bl:3.1324 bb:1.2238 rl:2.9292 rb:1.1310 dl:178-179 gd:1
ttp: b117/782 bl:3.0245 bb:1.2123 rl:2.9292 rb:1.1310 dl:178-178 gd:1
ttp: b114/782 bl:3.1720 bb:1.2558 rl:2.9294 rb:1.1311 dl:176-176 gd:1
ttp: b111/782 bl:3.1448 bb:1.2548 rl:2.9295 rb:1.1312 dl:173-174 gd:1
ttp: b110/782 bl:3.1848 bb:1.2365 rl:2.9297 rb:1.1312 dl:173-173 gd:1
ttp: b107/782 bl:3.1012 bb:1.2174 rl:2.9298 rb:1.1313 dl:171-171 gd:1
ttp: b104/782 bl:3.1843 bb:1.2391 rl:2.9299 rb:1.1313 dl:168-169 gd:1
ttp: b103/782 bl:3.0940 bb:1.1975 rl:2.9300 rb:1.1314 dl:168-168 gd:1
ttp: b100/782 bl:3.1005 bb:1.2171 rl:2.9301 rb:1.1314 dl:165-166 gd:1
ttp: b97/782 bl:3.1877 bb:1.2453 rl:2.9303 rb:1.1315 dl:163-164 gd:1
ttp: b95/782 bl:3.1999 bb:1.3030 rl:2.9304 rb:1.1316 dl:161-162 gd:1
ttp: b92/782 bl:3.0598 bb:1.2375 rl:2.9305 rb:1.1316 dl:159-160 gd:1
ttp: b91/782 bl:3.1897 bb:1.2766 rl:2.9306 rb:1.1317 dl:158-159 gd:1
ttp: b90/782 bl:3.1975 bb:1.2612 rl:2.9308 rb:1.1318 dl:158-158 gd:1
ttp: b87/782 bl:3.1893 bb:1.2747 rl:2.9309 rb:1.1318 dl:155-156 gd:1
ttp: b85/782 bl:3.1703 bb:1.2729 rl:2.9310 rb:1.1319 dl:154-154 gd:1
ttp: b82/782 bl:3.1690 bb:1.2756 rl:2.9311 rb:1.1320 dl:151-152 gd:1
ttp: b81/782 bl:3.0887 bb:1.2284 rl:2.9312 rb:1.1320 dl:151-151 gd:1
ttp: b78/782 bl:3.1126 bb:1.2077 rl:2.9313 rb:1.1321 dl:148-149 gd:1
ttp: b77/782 bl:3.2011 bb:1.2369 rl:2.9314 rb:1.1321 dl:148-148 gd:1
ttp: b73/782 bl:3.2264 bb:1.2764 rl:2.9316 rb:1.1322 dl:144-145 gd:1
ttp: b71/782 bl:3.1200 bb:1.2173 rl:2.9317 rb:1.1322 dl:143-144 gd:1
ttp: b68/782 bl:3.2813 bb:1.2747 rl:2.9318 rb:1.1323 dl:141-142 gd:1
ttp: b67/782 bl:3.2430 bb:1.3108 rl:2.9320 rb:1.1324 dl:140-141 gd:1
ttp: b64/782 bl:3.1705 bb:1.3141 rl:2.9321 rb:1.1325 dl:138-139 gd:1
ttp: b63/782 bl:3.1932 bb:1.2878 rl:2.9322 rb:1.1325 dl:137-138 gd:1
ttp: b60/782 bl:3.2366 bb:1.2989 rl:2.9324 rb:1.1326 dl:134-135 gd:1
ttp: b59/782 bl:3.2336 bb:1.2631 rl:2.9325 rb:1.1327 dl:134-134 gd:1
ttp: b56/782 bl:3.1956 bb:1.2594 rl:2.9326 rb:1.1327 dl:131-132 gd:1
ttp: b54/782 bl:3.2700 bb:1.3390 rl:2.9328 rb:1.1328 dl:130-130 gd:1
ttp: b51/782 bl:3.2149 bb:1.2850 rl:2.9329 rb:1.1329 dl:127-128 gd:1
ttp: b48/782 bl:3.1762 bb:1.2417 rl:2.9330 rb:1.1329 dl:125-126 gd:1
ttp: b47/782 bl:3.1172 bb:1.2457 rl:2.9331 rb:1.1329 dl:124-125 gd:1
ttp: b45/782 bl:3.2617 bb:1.3049 rl:2.9332 rb:1.1330 dl:122-123 gd:1
ttp: b42/782 bl:3.2768 bb:1.3118 rl:2.9333 rb:1.1331 dl:120-121 gd:1
ttp: b39/782 bl:3.2934 bb:1.3015 rl:2.9335 rb:1.1332 dl:118-119 gd:1
ttp: b38/782 bl:3.2060 bb:1.2796 rl:2.9336 rb:1.1332 dl:117-118 gd:1
ttp: b34/782 bl:3.2547 bb:1.3176 rl:2.9337 rb:1.1333 dl:114-115 gd:1
ttp: b33/782 bl:3.2751 bb:1.2821 rl:2.9338 rb:1.1333 dl:113-114 gd:1
ttp: b31/782 bl:3.3607 bb:1.3318 rl:2.9340 rb:1.1334 dl:111-112 gd:1
ttp: b29/782 bl:3.2240 bb:1.3140 rl:2.9341 rb:1.1335 dl:109-110 gd:1
ttp: b27/782 bl:3.2380 bb:1.2927 rl:2.9342 rb:1.1335 dl:107-108 gd:1
ttp: b24/782 bl:3.2438 bb:1.2833 rl:2.9343 rb:1.1336 dl:105-106 gd:1
ttp: b22/782 bl:3.3198 bb:1.2941 rl:2.9345 rb:1.1336 dl:103-104 gd:1
ttp: b20/782 bl:3.3027 bb:1.3358 rl:2.9346 rb:1.1337 dl:101-102 gd:1
ttp: b17/782 bl:3.2852 bb:1.3022 rl:2.9347 rb:1.1337 dl:98-99 gd:1
ttp: b15/782 bl:3.4127 bb:1.3056 rl:2.9349 rb:1.1338 dl:95-97 gd:1
ttp: b13/782 bl:3.3121 bb:1.3331 rl:2.9350 rb:1.1339 dl:93-94 gd:1
ttp: b11/782 bl:3.3982 bb:1.3280 rl:2.9351 rb:1.1339 dl:90-92 gd:1
ttp: b9/782 bl:3.3641 bb:1.3331 rl:2.9352 rb:1.1340 dl:87-89 gd:1
ttp: b7/782 bl:3.3760 bb:1.2953 rl:2.9354 rb:1.1340 dl:84-86 gd:1
ttp: b4/782 bl:3.3446 bb:1.2824 rl:2.9355 rb:1.1341 dl:78-80 gd:1
ttp: b2/782 bl:3.2701 bb:1.2129 rl:2.9356 rb:1.1341 dl:70-75 gd:1
quantized_ttt_phased val_loss:2.93790979 val_bpb:1.13735643 eval_time:859395ms
total_eval_time:859.4s
